[01/Jul/2021:04:19:21] (I): WordPress Instance Info:
[01/Jul/2021:04:19:21] (I): Home URL : http://localhost/tienda-traf
[01/Jul/2021:04:19:21] (I): Site URL : http://localhost/tienda-traf
[01/Jul/2021:04:19:21] (I): WordPress Version : 5.7.2
[01/Jul/2021:04:19:21] (I): Onboarding Version : 1.1.13
[01/Jul/2021:04:19:21] (I): Multisite : No
[01/Jul/2021:04:19:21] (I): Server Info : Apache/2.4.43 (Win64) OpenSSL/1.1.1g PHP/7.4.8
[01/Jul/2021:04:19:21] (I): PHP Version : 7.4.8
[01/Jul/2021:04:19:21] (I): HTTPS : No
[01/Jul/2021:04:19:21] (I): PHP Max Execution Time : 120
[01/Jul/2021:04:19:21] (I): PHP Max Input Vars : 1000
[01/Jul/2021:04:19:21] (I): Max Upload Size : 41943040
[01/Jul/2021:04:19:21] (I): Plugins:
[01/Jul/2021:04:19:21] (I): [PLUGIN] Elementor : v3.2.5 (Elementor.com)
[01/Jul/2021:04:19:21] (I): [PLUGIN] Image optimization service by Optimole : v3.1.1 (Optimole)
[01/Jul/2021:04:19:21] (I): [PLUGIN] Templates Patterns Collection : v1.1.13 (ThemeIsle)
[01/Jul/2021:04:19:21] (I): [PLUGIN] Orbit Fox Companion : v2.10.6 (Themeisle)
[01/Jul/2021:04:19:21] (I): [PLUGIN] WooCommerce PayPal Payments : v1.3.2 (WooCommerce)
[01/Jul/2021:04:19:21] (I): [PLUGIN] WooCommerce : v5.4.1 (Automattic)
[01/Jul/2021:04:19:21] (P): Saving remote XML
[01/Jul/2021:04:19:21] (S): Saved remote XML at path C:\xampp\htdocs\tienda-traf/wp-content/uploads/themeisle-demo-import.xml.
[01/Jul/2021:04:19:21] (P): Starting content import...
[01/Jul/2021:04:19:22] (S): Import started.
[01/Jul/2021:04:19:22] (S): Parsing XML file.
[01/Jul/2021:04:19:22] (P): Starting parsing file:C:\xampp\htdocs\tienda-traf/wp-content/uploads/themeisle-demo-import.xml
[01/Jul/2021:04:19:22] (P): Using WXR_Parser_SimpleXML...
[01/Jul/2021:04:19:22] (S): Parsed XML
[01/Jul/2021:04:19:22] (P): Processing categories...
[01/Jul/2021:04:19:22] (S): Processed categories.
[01/Jul/2021:04:19:22] (P): Processing tags...
[01/Jul/2021:04:19:22] (S): No tags to process.
[01/Jul/2021:04:19:22] (P): Processing terms...
[01/Jul/2021:04:19:22] (S): Processed terms.
[01/Jul/2021:04:19:22] (P): Processing posts...
[01/Jul/2021:04:19:22] (P): Inserting custom_css: neve .
[01/Jul/2021:04:19:22] (S): Done inserting custom_css: neve .
[01/Jul/2021:04:19:22] (P): Processing attachment: https://s33834.pcdn.co/freelancer/wp-content/uploads/sites/183/2019/09/neve-freelancer-01.jpg...
[01/Jul/2021:04:19:22] (P): Fetching attachment from url: https://s33834.pcdn.co/freelancer/wp-content/uploads/sites/183/2019/09/neve-freelancer-01.jpg...
[01/Jul/2021:04:19:22] (S): Fetched remote attachment.
[01/Jul/2021:04:19:22] (P): Inserting attachment...
[01/Jul/2021:04:19:22] (S): Attachment inserted
[01/Jul/2021:04:19:22] (S): Processed attachment.
[01/Jul/2021:04:19:22] (P): Processing attachment: https://s33834.pcdn.co/freelancer/wp-content/uploads/sites/183/2019/09/neve-freelancer-03.jpg...
[01/Jul/2021:04:19:22] (P): Fetching attachment from url: https://s33834.pcdn.co/freelancer/wp-content/uploads/sites/183/2019/09/neve-freelancer-03.jpg...
[01/Jul/2021:04:19:22] (S): Fetched remote attachment.
[01/Jul/2021:04:19:22] (P): Inserting attachment...
[01/Jul/2021:04:19:22] (S): Attachment inserted
[01/Jul/2021:04:19:23] (S): Processed attachment.
[01/Jul/2021:04:19:23] (P): Processing attachment: https://s33834.pcdn.co/freelancer/wp-content/uploads/sites/183/2019/09/neve-freelancer-05.jpg...
[01/Jul/2021:04:19:23] (P): Fetching attachment from url: https://s33834.pcdn.co/freelancer/wp-content/uploads/sites/183/2019/09/neve-freelancer-05.jpg...
[01/Jul/2021:04:19:23] (S): Fetched remote attachment.
[01/Jul/2021:04:19:23] (P): Inserting attachment...
[01/Jul/2021:04:19:23] (S): Attachment inserted
[01/Jul/2021:04:19:23] (S): Processed attachment.
[01/Jul/2021:04:19:23] (P): Processing attachment: https://s33834.pcdn.co/freelancer/wp-content/uploads/sites/183/2019/09/neve-freelancer-06.jpg...
[01/Jul/2021:04:19:23] (P): Fetching attachment from url: https://s33834.pcdn.co/freelancer/wp-content/uploads/sites/183/2019/09/neve-freelancer-06.jpg...
[01/Jul/2021:04:19:23] (S): Fetched remote attachment.
[01/Jul/2021:04:19:23] (P): Inserting attachment...
[01/Jul/2021:04:19:23] (S): Attachment inserted
[01/Jul/2021:04:19:23] (S): Processed attachment.
[01/Jul/2021:04:19:23] (P): Processing attachment: https://s33834.pcdn.co/freelancer/wp-content/uploads/sites/183/2019/09/neve-freelancer-08.jpg...
[01/Jul/2021:04:19:23] (P): Fetching attachment from url: https://s33834.pcdn.co/freelancer/wp-content/uploads/sites/183/2019/09/neve-freelancer-08.jpg...
[01/Jul/2021:04:19:23] (S): Fetched remote attachment.
[01/Jul/2021:04:19:23] (P): Inserting attachment...
[01/Jul/2021:04:19:24] (S): Attachment inserted
[01/Jul/2021:04:19:24] (S): Processed attachment.
[01/Jul/2021:04:19:24] (P): Processing attachment: https://s33834.pcdn.co/freelancer/wp-content/uploads/sites/183/2019/09/neve-freelancer-12.jpg...
[01/Jul/2021:04:19:24] (P): Fetching attachment from url: https://s33834.pcdn.co/freelancer/wp-content/uploads/sites/183/2019/09/neve-freelancer-12.jpg...
[01/Jul/2021:04:19:24] (S): Fetched remote attachment.
[01/Jul/2021:04:19:24] (P): Inserting attachment...
[01/Jul/2021:04:19:24] (S): Attachment inserted
[01/Jul/2021:04:19:24] (S): Processed attachment.
[01/Jul/2021:04:19:24] (P): Processing attachment: https://s33834.pcdn.co/freelancer/wp-content/uploads/sites/183/2019/09/neve-freelancer-13.jpg...
[01/Jul/2021:04:19:24] (P): Fetching attachment from url: https://s33834.pcdn.co/freelancer/wp-content/uploads/sites/183/2019/09/neve-freelancer-13.jpg...
[01/Jul/2021:04:19:24] (S): Fetched remote attachment.
[01/Jul/2021:04:19:24] (P): Inserting attachment...
[01/Jul/2021:04:19:24] (S): Attachment inserted
[01/Jul/2021:04:19:24] (S): Processed attachment.
[01/Jul/2021:04:19:24] (P): Processing attachment: https://s33834.pcdn.co/freelancer/wp-content/uploads/sites/183/2019/09/neve-freelancer-14.jpg...
[01/Jul/2021:04:19:24] (P): Fetching attachment from url: https://s33834.pcdn.co/freelancer/wp-content/uploads/sites/183/2019/09/neve-freelancer-14.jpg...
[01/Jul/2021:04:19:24] (S): Fetched remote attachment.
[01/Jul/2021:04:19:24] (P): Inserting attachment...
[01/Jul/2021:04:19:24] (S): Attachment inserted
[01/Jul/2021:04:19:24] (S): Processed attachment.
[01/Jul/2021:04:19:24] (P): Processing attachment: https://s33834.pcdn.co/freelancer/wp-content/uploads/sites/183/2019/09/neve-freelancer-15.jpg...
[01/Jul/2021:04:19:24] (P): Fetching attachment from url: https://s33834.pcdn.co/freelancer/wp-content/uploads/sites/183/2019/09/neve-freelancer-15.jpg...
[01/Jul/2021:04:19:25] (S): Fetched remote attachment.
[01/Jul/2021:04:19:25] (P): Inserting attachment...
[01/Jul/2021:04:19:25] (S): Attachment inserted
[01/Jul/2021:04:19:25] (S): Processed attachment.
[01/Jul/2021:04:19:25] (P): Processing single menu item ' '...
[01/Jul/2021:04:19:25] (P): Processing single menu item ' '...
[01/Jul/2021:04:19:25] (P): Processing attachment: https://s33834.pcdn.co/freelancer/wp-content/uploads/sites/183/2019/09/neve-freelancer-logo.png...
[01/Jul/2021:04:19:25] (P): Fetching attachment from url: https://s33834.pcdn.co/freelancer/wp-content/uploads/sites/183/2019/09/neve-freelancer-logo.png...
[01/Jul/2021:04:19:25] (S): Fetched remote attachment.
[01/Jul/2021:04:19:25] (P): Inserting attachment...
[01/Jul/2021:04:19:25] (S): Attachment inserted
[01/Jul/2021:04:19:25] (S): Processed attachment.
[01/Jul/2021:04:19:25] (P): Processing attachment: https://s33834.pcdn.co/freelancer/wp-content/uploads/sites/183/2019/09/neve-freelancer-icon.png...
[01/Jul/2021:04:19:25] (P): Fetching attachment from url: https://s33834.pcdn.co/freelancer/wp-content/uploads/sites/183/2019/09/neve-freelancer-icon.png...
[01/Jul/2021:04:19:25] (S): Fetched remote attachment.
[01/Jul/2021:04:19:25] (P): Inserting attachment...
[01/Jul/2021:04:19:25] (S): Attachment inserted
[01/Jul/2021:04:19:25] (S): Processed attachment.
[01/Jul/2021:04:19:25] (P): Processing attachment: https://s33834.pcdn.co/freelancer/wp-content/uploads/sites/183/2019/09/cropped-neve-freelancer-icon.png...
[01/Jul/2021:04:19:25] (P): Fetching attachment from url: https://s33834.pcdn.co/freelancer/wp-content/uploads/sites/183/2019/09/cropped-neve-freelancer-icon.png...
[01/Jul/2021:04:19:25] (S): Fetched remote attachment.
[01/Jul/2021:04:19:25] (P): Inserting attachment...
[01/Jul/2021:04:19:25] (S): Attachment inserted
[01/Jul/2021:04:19:25] (S): Processed attachment.
[01/Jul/2021:04:19:25] (P): Processing attachment: https://s33834.pcdn.co/freelancer/wp-content/uploads/sites/183/2021/06/freelancer-demo-02.jpeg...
[01/Jul/2021:04:19:25] (P): Fetching attachment from url: https://s33834.pcdn.co/freelancer/wp-content/uploads/sites/183/2021/06/freelancer-demo-02.jpeg...
[01/Jul/2021:04:19:26] (S): Fetched remote attachment.
[01/Jul/2021:04:19:26] (P): Inserting attachment...
[01/Jul/2021:04:19:26] (S): Attachment inserted
[01/Jul/2021:04:19:26] (S): Processed attachment.
[01/Jul/2021:04:19:26] (P): Processing attachment: https://s33834.pcdn.co/freelancer/wp-content/uploads/sites/183/2021/06/freelancer-demo-03.jpeg...
[01/Jul/2021:04:19:26] (P): Fetching attachment from url: https://s33834.pcdn.co/freelancer/wp-content/uploads/sites/183/2021/06/freelancer-demo-03.jpeg...
[01/Jul/2021:04:19:26] (S): Fetched remote attachment.
[01/Jul/2021:04:19:26] (P): Inserting attachment...
[01/Jul/2021:04:19:26] (S): Attachment inserted
[01/Jul/2021:04:19:26] (S): Processed attachment.
[01/Jul/2021:04:19:26] (P): Inserting page: Home .
[01/Jul/2021:04:19:26] (S): Done inserting page: Home .
[01/Jul/2021:04:19:26] (P): Filtering elementor meta...
[01/Jul/2021:04:19:26] (S): Filtered elementor meta.
[01/Jul/2021:04:19:26] (P): Inserting page: About Me .
[01/Jul/2021:04:19:26] (S): Done inserting page: About Me .
[01/Jul/2021:04:19:26] (P): Filtering elementor meta...
[01/Jul/2021:04:19:26] (S): Filtered elementor meta.
[01/Jul/2021:04:19:26] (P): Inserting page: Contact .
[01/Jul/2021:04:19:26] (S): Done inserting page: Contact .
[01/Jul/2021:04:19:26] (P): Filtering elementor meta...
[01/Jul/2021:04:19:26] (S): Filtered elementor meta.
[01/Jul/2021:04:19:26] (P): Inserting page: Portfolio .
[01/Jul/2021:04:19:26] (S): Done inserting page: Portfolio .
[01/Jul/2021:04:19:26] (P): Filtering elementor meta...
[01/Jul/2021:04:19:26] (S): Filtered elementor meta.
[01/Jul/2021:04:19:26] (P): Processing single menu item ' '...
[01/Jul/2021:04:19:26] (S): Processed single menu item.
[01/Jul/2021:04:19:26] (P): Processing single menu item ' '...
[01/Jul/2021:04:19:26] (S): Processed single menu item.
[01/Jul/2021:04:19:26] (P): Inserting page: Blog .
[01/Jul/2021:04:19:26] (S): Done inserting page: Blog .
[01/Jul/2021:04:19:26] (P): Processing single menu item ' '...
[01/Jul/2021:04:19:26] (S): Processed single menu item.
[01/Jul/2021:04:19:26] (S): Processed posts.
[01/Jul/2021:04:19:26] (P): Processing single menu item ' '...
[01/Jul/2021:04:19:27] (S): Processed single menu item.
[01/Jul/2021:04:19:27] (P): Processing single menu item ' '...
[01/Jul/2021:04:19:27] (S): Processed single menu item.
[01/Jul/2021:04:19:27] (P): Cleaning up import with id ...
[01/Jul/2021:04:19:27] (P): Done cleanup. Flushing cache...
[01/Jul/2021:04:19:27] (P): Flushed cache. Removing temporary data..
[01/Jul/2021:04:19:27] (S): Done importing
[01/Jul/2021:04:19:27] (P): Busting elementor cache
[01/Jul/2021:04:19:27] (S): Front page set up with id: 40.
